2026-04-24 09:45:30  Fine-tuning started on cuda
2026-04-24 09:45:34  Loaded pretrained — epoch 20, BLEU 0.3613
2026-04-24 09:45:35  Epoch 1/1 started
2026-04-24 09:45:45  Epoch 1 avg_loss=2.6208
2026-04-24 09:45:50  
  Sample translations:
    EN : Unknown external - body part.
    REF: बदरूप बाह्य शरीर हिस्सा
    HYP: बद रूप बाह्य शरीर हिस्सा

    EN : Cities. dat: Invalid latitude sign. Line was:
    REF: Cities. dat: अवैध अक्षांश साइन. पंक्ति थाः
    HYP: C i ti es . d at : अवैध अ क्षा ंश : पंक्ति याँ

    EN : Unable to create XML - RPC message.
    REF: XML-RPC संदेश बनाने में अक्षम.
    HYP: X M P C - R P C संदेश बनाने में अक्षम .

2026-04-24 09:45:50  Epoch 1 BLEU=0.5178
2026-04-24 09:45:50  New best BLEU=0.5178
2026-04-24 09:45:50  Done — best BLEU=0.5178
2026-04-24 11:56:47  Fine-tuning started on cuda
2026-04-24 11:56:56  Loaded pretrained — epoch 20, BLEU 0.3613
2026-04-24 11:56:57  Epoch 1/15 started
2026-04-24 11:57:29  Step 200 avg_loss=3.9178
2026-04-24 11:58:23  Fine-tuning started on cuda
2026-04-24 11:58:33  Loaded pretrained — epoch 20, BLEU 0.3613
2026-04-24 11:58:33  Epoch 1/15 started
2026-04-24 11:59:05  Step 200 avg_loss=3.8910
2026-04-24 11:59:38  Step 400 avg_loss=3.8678
2026-04-24 12:00:10  Step 600 avg_loss=3.8783
2026-04-24 12:00:42  Step 800 avg_loss=3.8684
2026-04-24 12:01:15  Step 1000 avg_loss=3.8594
2026-04-24 12:01:47  Step 1200 avg_loss=3.8499
2026-04-24 12:02:19  Step 1400 avg_loss=3.8452
2026-04-24 12:02:51  Step 1600 avg_loss=3.8428
2026-04-24 12:03:24  Step 1800 avg_loss=3.8423
2026-04-24 12:03:56  Step 2000 avg_loss=3.8429
2026-04-24 12:04:28  Step 2200 avg_loss=3.8366
2026-04-24 12:05:01  Step 2400 avg_loss=3.8361
2026-04-24 12:05:33  Step 2600 avg_loss=3.8313
2026-04-24 12:06:05  Step 2800 avg_loss=3.8293
2026-04-24 12:06:38  Step 3000 avg_loss=3.8256
2026-04-24 12:07:10  Step 3200 avg_loss=3.8247
2026-04-24 12:07:42  Step 3400 avg_loss=3.8224
2026-04-24 12:08:15  Step 3600 avg_loss=3.8213
2026-04-24 12:08:47  Step 3800 avg_loss=3.8197
2026-04-24 12:09:19  Step 4000 avg_loss=3.8166
2026-04-24 12:09:52  Step 4200 avg_loss=3.8170
2026-04-24 12:10:24  Step 4400 avg_loss=3.8172
2026-04-24 12:10:56  Step 4600 avg_loss=3.8143
2026-04-24 12:11:29  Step 4800 avg_loss=3.8115
2026-04-24 12:12:01  Step 5000 avg_loss=3.8117
2026-04-24 12:12:33  Step 5200 avg_loss=3.8090
2026-04-24 12:13:06  Step 5400 avg_loss=3.8089
2026-04-24 12:13:38  Step 5600 avg_loss=3.8078
2026-04-24 12:14:11  Step 5800 avg_loss=3.8039
2026-04-24 12:14:43  Step 6000 avg_loss=3.8022
2026-04-24 12:15:15  Step 6200 avg_loss=3.8001
2026-04-24 12:15:48  Step 6400 avg_loss=3.8002
2026-04-24 12:16:20  Step 6600 avg_loss=3.7997
2026-04-24 12:16:52  Step 6800 avg_loss=3.7991
2026-04-24 12:17:25  Step 7000 avg_loss=3.7973
2026-04-24 12:17:57  Step 7200 avg_loss=3.7970
2026-04-24 12:18:29  Step 7400 avg_loss=3.7954
2026-04-24 12:19:02  Step 7600 avg_loss=3.7950
2026-04-24 12:19:34  Step 7800 avg_loss=3.7947
2026-04-24 12:20:06  Step 8000 avg_loss=3.7938
2026-04-24 12:20:39  Step 8200 avg_loss=3.7927
2026-04-24 12:21:11  Step 8400 avg_loss=3.7935
2026-04-24 12:21:43  Step 8600 avg_loss=3.7922
2026-04-24 12:22:15  Step 8800 avg_loss=3.7906
2026-04-24 12:22:48  Step 9000 avg_loss=3.7895
2026-04-24 12:23:20  Step 9200 avg_loss=3.7893
2026-04-24 12:23:52  Step 9400 avg_loss=3.7884
2026-04-24 12:24:25  Step 9600 avg_loss=3.7871
2026-04-24 12:24:57  Step 9800 avg_loss=3.7856
2026-04-24 12:25:29  Step 10000 avg_loss=3.7861
2026-04-24 12:26:02  Step 10200 avg_loss=3.7858
2026-04-24 12:26:34  Step 10400 avg_loss=3.7852
2026-04-24 12:27:07  Step 10600 avg_loss=3.7833
2026-04-24 12:27:39  Step 10800 avg_loss=3.7836
2026-04-24 12:28:11  Step 11000 avg_loss=3.7827
2026-04-24 12:28:43  Step 11200 avg_loss=3.7814
2026-04-24 12:28:52  Step 11250 avg_loss=3.7816
2026-04-24 12:28:52  Epoch 1 avg_loss=3.7816
2026-04-24 12:29:01  
  Sample translations:
    EN : Category: Hindi playwright.
    REF: श्रेणीःहिन्दी नाटककार
    HYP: श्रेणीः हिन्दी नाटक खे लना ।

    EN : Shall not involve in taking any decision on a subject matter in which a conflict
    REF: जिसमें ब्याज की एक दुविधा खड़ी होती है या जो उसकी राय में पैदा होने की संभावना ह
    HYP: किसी विषय पर किसी विषय पर निर्णय लेने के लिए किसी विषय पर निर्णय लेने के बारे मे

    EN : Cannot save file "{0}".
    REF: "{0}" फ़ाइल को सहेज नहीं सकता है.
    HYP: "{ 0 }" फ़ाइल को मिटा नहीं सकता है .

2026-04-24 12:29:01  Epoch 1 BLEU=0.3984
2026-04-24 12:29:02  New best BLEU=0.3984
2026-04-24 12:29:02  Epoch 2/15 started
2026-04-24 12:29:34  Step 200 avg_loss=3.6503
2026-04-24 12:30:06  Step 400 avg_loss=3.6172
2026-04-24 12:30:39  Step 600 avg_loss=3.6134
2026-04-24 12:31:11  Step 800 avg_loss=3.5983
2026-04-24 12:31:43  Step 1000 avg_loss=3.6020
2026-04-24 12:32:16  Step 1200 avg_loss=3.6088
2026-04-24 12:32:48  Step 1400 avg_loss=3.6030
2026-04-24 12:33:21  Step 1600 avg_loss=3.6093
2026-04-24 12:33:53  Step 1800 avg_loss=3.6068
2026-04-24 12:34:25  Step 2000 avg_loss=3.6073
2026-04-24 12:34:58  Step 2200 avg_loss=3.6120
2026-04-24 12:35:30  Step 2400 avg_loss=3.6165
2026-04-24 12:36:02  Step 2600 avg_loss=3.6149
2026-04-24 12:36:35  Step 2800 avg_loss=3.6163
2026-04-24 12:37:07  Step 3000 avg_loss=3.6166
2026-04-24 12:37:39  Step 3200 avg_loss=3.6166
2026-04-24 12:38:12  Step 3400 avg_loss=3.6125
2026-04-24 12:38:44  Step 3600 avg_loss=3.6144
2026-04-24 12:39:16  Step 3800 avg_loss=3.6175
2026-04-24 12:39:49  Step 4000 avg_loss=3.6177
2026-04-24 12:40:21  Step 4200 avg_loss=3.6171
2026-04-24 12:40:53  Step 4400 avg_loss=3.6181
2026-04-24 12:41:26  Step 4600 avg_loss=3.6174
2026-04-24 12:41:58  Step 4800 avg_loss=3.6167
2026-04-24 12:42:30  Step 5000 avg_loss=3.6174
2026-04-24 12:43:03  Step 5200 avg_loss=3.6176
2026-04-24 12:43:35  Step 5400 avg_loss=3.6185
2026-04-24 12:44:07  Step 5600 avg_loss=3.6170
2026-04-24 12:44:40  Step 5800 avg_loss=3.6189
2026-04-24 12:45:12  Step 6000 avg_loss=3.6198
2026-04-24 12:45:45  Step 6200 avg_loss=3.6208
2026-04-24 12:46:17  Step 6400 avg_loss=3.6200
2026-04-24 12:46:49  Step 6600 avg_loss=3.6199
2026-04-24 12:47:22  Step 6800 avg_loss=3.6185
2026-04-24 12:47:54  Step 7000 avg_loss=3.6179
2026-04-24 12:48:26  Step 7200 avg_loss=3.6191
2026-04-24 12:48:59  Step 7400 avg_loss=3.6189
2026-04-24 12:49:31  Step 7600 avg_loss=3.6194
2026-04-24 12:50:03  Step 7800 avg_loss=3.6198
2026-04-24 12:50:36  Step 8000 avg_loss=3.6200
2026-04-24 12:51:08  Step 8200 avg_loss=3.6204
2026-04-24 12:51:40  Step 8400 avg_loss=3.6209
2026-04-24 12:52:13  Step 8600 avg_loss=3.6208
2026-04-24 12:52:45  Step 8800 avg_loss=3.6202
2026-04-24 12:53:17  Step 9000 avg_loss=3.6201
2026-04-24 12:53:50  Step 9200 avg_loss=3.6216
2026-04-24 12:54:22  Step 9400 avg_loss=3.6229
2026-04-24 12:54:54  Step 9600 avg_loss=3.6226
2026-04-24 12:55:27  Step 9800 avg_loss=3.6241
2026-04-24 12:55:59  Step 10000 avg_loss=3.6243
2026-04-24 12:56:31  Step 10200 avg_loss=3.6242
2026-04-24 12:57:04  Step 10400 avg_loss=3.6249
2026-04-24 12:57:36  Step 10600 avg_loss=3.6259
2026-04-24 12:58:08  Step 10800 avg_loss=3.6253
2026-04-24 12:58:41  Step 11000 avg_loss=3.6247
2026-04-24 12:59:13  Step 11200 avg_loss=3.6257
2026-04-24 12:59:21  Step 11250 avg_loss=3.6258
2026-04-24 12:59:21  Epoch 2 avg_loss=3.6258
2026-04-24 12:59:31  
  Sample translations:
    EN : Category: Hindi playwright.
    REF: श्रेणीःहिन्दी नाटककार
    HYP: श्रेणीः हिन्दी नाटक ठीक से खे ला गया ।

    EN : Shall not involve in taking any decision on a subject matter in which a conflict
    REF: जिसमें ब्याज की एक दुविधा खड़ी होती है या जो उसकी राय में पैदा होने की संभावना ह
    HYP: किसी विषय पर किसी विषय पर निर्णय लेने के लिए किसी विषय में निर्णय लेने या जो उनक

    EN : Cannot save file "{0}".
    REF: "{0}" फ़ाइल को सहेज नहीं सकता है.
    HYP: "{ 0 }" फ़ाइल को मिटा नहीं सकता है .

2026-04-24 12:59:31  Epoch 2 BLEU=0.4054
2026-04-24 12:59:31  New best BLEU=0.4054
2026-04-24 12:59:31  Epoch 3/15 started
2026-04-24 13:00:04  Step 200 avg_loss=3.4874
2026-04-24 13:00:36  Step 400 avg_loss=3.4975
2026-04-24 13:01:08  Step 600 avg_loss=3.5211
2026-04-24 13:01:41  Step 800 avg_loss=3.5219
2026-04-24 13:02:13  Step 1000 avg_loss=3.5228
2026-04-24 13:02:45  Step 1200 avg_loss=3.5296
2026-04-24 13:03:18  Step 1400 avg_loss=3.5234
2026-04-24 13:03:50  Step 1600 avg_loss=3.5263
2026-04-24 13:04:22  Step 1800 avg_loss=3.5297
2026-04-24 13:04:55  Step 2000 avg_loss=3.5341
2026-04-24 13:05:27  Step 2200 avg_loss=3.5332
2026-04-24 13:05:59  Step 2400 avg_loss=3.5316
2026-04-24 13:06:32  Step 2600 avg_loss=3.5328
2026-04-24 13:07:04  Step 2800 avg_loss=3.5320
2026-04-24 13:07:36  Step 3000 avg_loss=3.5307
2026-04-24 13:08:09  Step 3200 avg_loss=3.5304
2026-04-24 13:08:41  Step 3400 avg_loss=3.5290
2026-04-24 13:09:13  Step 3600 avg_loss=3.5306
2026-04-24 13:09:46  Step 3800 avg_loss=3.5331
2026-04-24 13:10:18  Step 4000 avg_loss=3.5335
2026-04-24 13:10:51  Step 4200 avg_loss=3.5319
2026-04-24 13:11:23  Step 4400 avg_loss=3.5313
2026-04-24 13:11:55  Step 4600 avg_loss=3.5324
2026-04-24 13:12:28  Step 4800 avg_loss=3.5340
2026-04-24 13:13:00  Step 5000 avg_loss=3.5363
2026-04-24 13:13:32  Step 5200 avg_loss=3.5384
2026-04-24 13:14:05  Step 5400 avg_loss=3.5379
2026-04-24 13:14:37  Step 5600 avg_loss=3.5387
2026-04-24 13:15:09  Step 5800 avg_loss=3.5376
2026-04-24 13:15:42  Step 6000 avg_loss=3.5377
2026-04-24 13:16:14  Step 6200 avg_loss=3.5395
2026-04-24 13:16:46  Step 6400 avg_loss=3.5387
2026-04-24 13:17:19  Step 6600 avg_loss=3.5393
2026-04-24 13:17:51  Step 6800 avg_loss=3.5393
2026-04-24 13:18:23  Step 7000 avg_loss=3.5392
2026-04-24 13:18:56  Step 7200 avg_loss=3.5400
2026-04-24 13:19:28  Step 7400 avg_loss=3.5408
2026-04-24 13:20:00  Step 7600 avg_loss=3.5410
2026-04-24 13:20:33  Step 7800 avg_loss=3.5406
2026-04-24 13:21:05  Step 8000 avg_loss=3.5408
2026-04-24 13:21:37  Step 8200 avg_loss=3.5417
2026-04-24 13:22:10  Step 8400 avg_loss=3.5408
2026-04-24 13:22:42  Step 8600 avg_loss=3.5412
2026-04-24 13:23:14  Step 8800 avg_loss=3.5418
2026-04-24 13:23:47  Step 9000 avg_loss=3.5423
2026-04-24 13:24:19  Step 9200 avg_loss=3.5417
2026-04-24 13:24:52  Step 9400 avg_loss=3.5431
2026-04-24 13:25:24  Step 9600 avg_loss=3.5430
2026-04-24 13:25:56  Step 9800 avg_loss=3.5432
2026-04-24 13:26:29  Step 10000 avg_loss=3.5429
2026-04-24 13:27:01  Step 10200 avg_loss=3.5429
2026-04-24 13:27:33  Step 10400 avg_loss=3.5429
2026-04-24 13:28:06  Step 10600 avg_loss=3.5421
2026-04-24 13:28:38  Step 10800 avg_loss=3.5420
2026-04-24 13:29:10  Step 11000 avg_loss=3.5417
2026-04-24 13:29:43  Step 11200 avg_loss=3.5414
2026-04-24 13:29:51  Step 11250 avg_loss=3.5419
2026-04-24 13:29:51  Epoch 3 avg_loss=3.5419
2026-04-24 13:30:00  
  Sample translations:
    EN : Category: Hindi playwright.
    REF: श्रेणीःहिन्दी नाटककार
    HYP: श्रेणीः हिन्दी नाटक ठीक से खे ला गया ।

    EN : Shall not involve in taking any decision on a subject matter in which a conflict
    REF: जिसमें ब्याज की एक दुविधा खड़ी होती है या जो उसकी राय में पैदा होने की संभावना ह
    HYP: किसी विषय पर किसी विषय पर निर्णय नहीं ले रहे जिसमें किसी विषय पर अभि वचन या अभि 

    EN : Cannot save file "{0}".
    REF: "{0}" फ़ाइल को सहेज नहीं सकता है.
    HYP: "{ 0 }" फ़ाइल को मिटा नहीं सकता है .

2026-04-24 13:30:00  Epoch 3 BLEU=0.4130
2026-04-24 13:30:01  New best BLEU=0.4130
2026-04-24 13:30:01  Epoch 4/15 started
2026-04-24 13:30:33  Step 200 avg_loss=3.4437
2026-04-24 13:31:05  Step 400 avg_loss=3.4161
2026-04-24 13:31:38  Step 600 avg_loss=3.4235
2026-04-24 13:32:10  Step 800 avg_loss=3.4353
2026-04-24 13:32:43  Step 1000 avg_loss=3.4419
2026-04-24 13:33:15  Step 1200 avg_loss=3.4495
2026-04-24 13:33:47  Step 1400 avg_loss=3.4479
2026-04-24 13:34:20  Step 1600 avg_loss=3.4452
2026-04-24 13:34:52  Step 1800 avg_loss=3.4487
2026-04-24 13:35:24  Step 2000 avg_loss=3.4499
2026-04-24 13:35:57  Step 2200 avg_loss=3.4455
2026-04-24 13:36:29  Step 2400 avg_loss=3.4426
2026-04-24 13:37:02  Step 2600 avg_loss=3.4437
2026-04-24 13:37:34  Step 2800 avg_loss=3.4422
2026-04-24 13:38:07  Step 3000 avg_loss=3.4416
2026-04-24 13:38:39  Step 3200 avg_loss=3.4448
2026-04-24 13:39:12  Step 3400 avg_loss=3.4474
2026-04-24 13:39:44  Step 3600 avg_loss=3.4477
2026-04-24 13:40:16  Step 3800 avg_loss=3.4479
2026-04-24 13:40:49  Step 4000 avg_loss=3.4481
2026-04-24 13:41:21  Step 4200 avg_loss=3.4496
2026-04-24 13:41:54  Step 4400 avg_loss=3.4497
2026-04-24 13:42:26  Step 4600 avg_loss=3.4504
2026-04-24 13:42:58  Step 4800 avg_loss=3.4514
2026-04-24 13:43:31  Step 5000 avg_loss=3.4526
2026-04-24 13:44:03  Step 5200 avg_loss=3.4524
2026-04-24 13:44:35  Step 5400 avg_loss=3.4528
2026-04-24 13:45:08  Step 5600 avg_loss=3.4534
2026-04-24 13:45:40  Step 5800 avg_loss=3.4541
2026-04-24 13:46:13  Step 6000 avg_loss=3.4553
2026-04-24 13:46:45  Step 6200 avg_loss=3.4573
2026-04-24 13:47:17  Step 6400 avg_loss=3.4594
2026-04-24 13:47:50  Step 6600 avg_loss=3.4602
2026-04-24 13:48:22  Step 6800 avg_loss=3.4598
2026-04-24 13:48:54  Step 7000 avg_loss=3.4608
2026-04-24 13:49:27  Step 7200 avg_loss=3.4614
2026-04-24 13:49:59  Step 7400 avg_loss=3.4624
2026-04-24 13:50:31  Step 7600 avg_loss=3.4637
2026-04-24 13:51:04  Step 7800 avg_loss=3.4645
2026-04-24 13:51:36  Step 8000 avg_loss=3.4662
2026-04-24 13:52:08  Step 8200 avg_loss=3.4663
2026-04-24 13:52:41  Step 8400 avg_loss=3.4665
2026-04-24 13:53:13  Step 8600 avg_loss=3.4675
2026-04-24 13:53:45  Step 8800 avg_loss=3.4677
2026-04-24 13:54:18  Step 9000 avg_loss=3.4685
2026-04-24 13:54:50  Step 9200 avg_loss=3.4693
2026-04-24 13:55:22  Step 9400 avg_loss=3.4693
2026-04-24 13:55:55  Step 9600 avg_loss=3.4697
2026-04-24 13:56:27  Step 9800 avg_loss=3.4699
2026-04-24 13:56:59  Step 10000 avg_loss=3.4702
2026-04-24 13:57:32  Step 10200 avg_loss=3.4705
2026-04-24 13:58:04  Step 10400 avg_loss=3.4711
2026-04-24 13:58:36  Step 10600 avg_loss=3.4720
2026-04-24 13:59:09  Step 10800 avg_loss=3.4725
2026-04-24 13:59:41  Step 11000 avg_loss=3.4735
2026-04-24 14:00:13  Step 11200 avg_loss=3.4740
2026-04-24 14:00:22  Step 11250 avg_loss=3.4742
2026-04-24 14:00:22  Epoch 4 avg_loss=3.4742
2026-04-24 14:00:31  
  Sample translations:
    EN : Category: Hindi playwright.
    REF: श्रेणीःहिन्दी नाटककार
    HYP: श्रेणीः हिन्दी नाटक ठीक से खे ला गया ।

    EN : Shall not involve in taking any decision on a subject matter in which a conflict
    REF: जिसमें ब्याज की एक दुविधा खड़ी होती है या जो उसकी राय में पैदा होने की संभावना ह
    HYP: किसी विषय पर किसी विषय में निर्णय लेने के लिए किसी विषय पर निर्णय नहीं ले सकते ,

    EN : Cannot save file "{0}".
    REF: "{0}" फ़ाइल को सहेज नहीं सकता है.
    HYP: "{ 0 }" फ़ाइल को सहेजने में असमर्थ .

2026-04-24 14:00:31  Epoch 4 BLEU=0.4087
2026-04-24 14:00:32  Epoch 5/15 started
2026-04-24 14:01:04  Step 200 avg_loss=3.3897
2026-04-24 14:01:36  Step 400 avg_loss=3.4041
2026-04-24 14:02:09  Step 600 avg_loss=3.4126
2026-04-24 14:02:41  Step 800 avg_loss=3.3993
2026-04-24 14:03:13  Step 1000 avg_loss=3.3883
2026-04-24 14:03:46  Step 1200 avg_loss=3.3870
2026-04-24 14:04:18  Step 1400 avg_loss=3.3914
2026-04-24 14:04:50  Step 1600 avg_loss=3.3933
2026-04-24 14:05:23  Step 1800 avg_loss=3.3920
2026-04-24 14:05:55  Step 2000 avg_loss=3.3913
2026-04-24 14:06:27  Step 2200 avg_loss=3.3875
2026-04-24 14:07:00  Step 2400 avg_loss=3.3902
2026-04-24 14:07:32  Step 2600 avg_loss=3.3920
2026-04-24 14:08:05  Step 2800 avg_loss=3.3951
2026-04-24 14:08:37  Step 3000 avg_loss=3.3979
2026-04-24 14:09:09  Step 3200 avg_loss=3.3977
2026-04-24 14:09:42  Step 3400 avg_loss=3.3981
2026-04-24 14:10:14  Step 3600 avg_loss=3.3962
2026-04-24 14:10:46  Step 3800 avg_loss=3.3962
2026-04-24 14:11:19  Step 4000 avg_loss=3.3965
2026-04-24 14:11:51  Step 4200 avg_loss=3.3968
2026-04-24 14:12:23  Step 4400 avg_loss=3.3980
2026-04-24 14:12:56  Step 4600 avg_loss=3.3990
2026-04-24 14:13:28  Step 4800 avg_loss=3.3979
2026-04-24 14:14:01  Step 5000 avg_loss=3.3965
2026-04-24 14:14:33  Step 5200 avg_loss=3.3970
2026-04-24 14:15:05  Step 5400 avg_loss=3.3982
2026-04-24 14:15:38  Step 5600 avg_loss=3.4000
2026-04-24 14:16:10  Step 5800 avg_loss=3.4018
2026-04-24 14:16:42  Step 6000 avg_loss=3.4025
2026-04-24 14:17:15  Step 6200 avg_loss=3.4023
2026-04-24 14:17:47  Step 6400 avg_loss=3.4033
2026-04-24 14:18:19  Step 6600 avg_loss=3.4038
2026-04-24 14:18:52  Step 6800 avg_loss=3.4037
2026-04-24 14:19:24  Step 7000 avg_loss=3.4030
2026-04-24 14:19:57  Step 7200 avg_loss=3.4034
2026-04-24 14:20:29  Step 7400 avg_loss=3.4053
2026-04-24 14:21:01  Step 7600 avg_loss=3.4056
2026-04-24 14:21:34  Step 7800 avg_loss=3.4070
2026-04-24 14:22:06  Step 8000 avg_loss=3.4082
2026-04-24 14:22:38  Step 8200 avg_loss=3.4088
2026-04-24 14:23:11  Step 8400 avg_loss=3.4097
2026-04-24 14:23:43  Step 8600 avg_loss=3.4100
2026-04-24 14:24:15  Step 8800 avg_loss=3.4111
2026-04-24 14:24:48  Step 9000 avg_loss=3.4130
2026-04-24 14:25:20  Step 9200 avg_loss=3.4135
2026-04-24 14:25:53  Step 9400 avg_loss=3.4135
2026-04-24 14:26:25  Step 9600 avg_loss=3.4144
2026-04-24 14:26:57  Step 9800 avg_loss=3.4158
2026-04-24 14:27:30  Step 10000 avg_loss=3.4160
2026-04-24 14:28:02  Step 10200 avg_loss=3.4161
2026-04-24 14:28:34  Step 10400 avg_loss=3.4166
2026-04-24 14:29:07  Step 10600 avg_loss=3.4175
2026-04-24 14:29:39  Step 10800 avg_loss=3.4178
2026-04-24 14:30:11  Step 11000 avg_loss=3.4198
2026-04-24 14:30:44  Step 11200 avg_loss=3.4205
2026-04-24 14:30:52  Step 11250 avg_loss=3.4208
2026-04-24 14:30:52  Epoch 5 avg_loss=3.4208
2026-04-24 14:31:01  
  Sample translations:
    EN : Category: Hindi playwright.
    REF: श्रेणीःहिन्दी नाटककार
    HYP: श्रेणीः हिन्दी नाटक ठीक से खे ला गया ।

    EN : Shall not involve in taking any decision on a subject matter in which a conflict
    REF: जिसमें ब्याज की एक दुविधा खड़ी होती है या जो उसकी राय में पैदा होने की संभावना ह
    HYP: किसी विषय पर किसी विषय पर निर्णय लेने के लिए किसी विषय में निर्णय लेने या ऐसे वि

    EN : Cannot save file "{0}".
    REF: "{0}" फ़ाइल को सहेज नहीं सकता है.
    HYP: "{ 0 }" फ़ाइल को सहेजने में असमर्थ .

2026-04-24 14:31:01  Epoch 5 BLEU=0.4095
2026-04-24 14:31:02  Epoch 6/15 started
2026-04-24 14:31:34  Step 200 avg_loss=3.3058
2026-04-24 14:32:06  Step 400 avg_loss=3.3231
2026-04-24 14:32:39  Step 600 avg_loss=3.3331
2026-04-24 14:33:11  Step 800 avg_loss=3.3208
2026-04-24 14:33:43  Step 1000 avg_loss=3.3274
2026-04-24 14:34:16  Step 1200 avg_loss=3.3318
2026-04-24 14:34:48  Step 1400 avg_loss=3.3360
2026-04-24 14:35:20  Step 1600 avg_loss=3.3327
2026-04-24 14:35:53  Step 1800 avg_loss=3.3336
2026-04-24 14:36:25  Step 2000 avg_loss=3.3337
2026-04-24 14:36:57  Step 2200 avg_loss=3.3347
2026-04-24 14:37:30  Step 2400 avg_loss=3.3332
2026-04-24 14:38:02  Step 2600 avg_loss=3.3367
2026-04-24 14:38:35  Step 2800 avg_loss=3.3396
2026-04-24 14:39:07  Step 3000 avg_loss=3.3387
2026-04-24 14:39:39  Step 3200 avg_loss=3.3410
2026-04-24 14:40:12  Step 3400 avg_loss=3.3416
2026-04-24 14:40:44  Step 3600 avg_loss=3.3436
2026-04-24 14:41:16  Step 3800 avg_loss=3.3424
2026-04-24 14:41:49  Step 4000 avg_loss=3.3440
2026-04-24 14:42:21  Step 4200 avg_loss=3.3462
2026-04-24 14:42:53  Step 4400 avg_loss=3.3460
2026-04-24 14:43:26  Step 4600 avg_loss=3.3449
2026-04-24 14:43:58  Step 4800 avg_loss=3.3473
2026-04-24 14:44:30  Step 5000 avg_loss=3.3469
2026-04-24 14:45:03  Step 5200 avg_loss=3.3473
2026-04-24 14:45:35  Step 5400 avg_loss=3.3472
2026-04-24 14:46:08  Step 5600 avg_loss=3.3472
2026-04-24 14:46:40  Step 5800 avg_loss=3.3468
2026-04-24 14:47:12  Step 6000 avg_loss=3.3493
2026-04-24 14:47:45  Step 6200 avg_loss=3.3495
2026-04-24 14:48:17  Step 6400 avg_loss=3.3510
2026-04-24 14:48:49  Step 6600 avg_loss=3.3511
2026-04-24 14:49:22  Step 6800 avg_loss=3.3530
2026-04-24 14:49:54  Step 7000 avg_loss=3.3546
2026-04-24 14:50:26  Step 7200 avg_loss=3.3535
2026-04-24 14:50:59  Step 7400 avg_loss=3.3542
2026-04-24 14:51:31  Step 7600 avg_loss=3.3555
2026-04-24 14:52:04  Step 7800 avg_loss=3.3566
2026-04-24 14:52:36  Step 8000 avg_loss=3.3581
2026-04-24 14:53:08  Step 8200 avg_loss=3.3582
2026-04-24 14:53:41  Step 8400 avg_loss=3.3594
2026-04-24 14:54:13  Step 8600 avg_loss=3.3593
2026-04-24 14:54:45  Step 8800 avg_loss=3.3600
2026-04-24 14:55:18  Step 9000 avg_loss=3.3607
2026-04-24 14:55:50  Step 9200 avg_loss=3.3614
2026-04-24 14:56:22  Step 9400 avg_loss=3.3619
2026-04-24 14:56:55  Step 9600 avg_loss=3.3622
2026-04-24 14:57:27  Step 9800 avg_loss=3.3642
2026-04-24 14:57:59  Step 10000 avg_loss=3.3640
2026-04-24 14:58:32  Step 10200 avg_loss=3.3646
2026-04-24 14:59:04  Step 10400 avg_loss=3.3661
2026-04-24 14:59:36  Step 10600 avg_loss=3.3673
2026-04-24 15:00:09  Step 10800 avg_loss=3.3683
2026-04-24 15:00:41  Step 11000 avg_loss=3.3693
2026-04-24 15:01:13  Step 11200 avg_loss=3.3696
2026-04-24 15:01:22  Step 11250 avg_loss=3.3703
2026-04-24 15:01:22  Epoch 6 avg_loss=3.3703
2026-04-24 15:01:31  
  Sample translations:
    EN : Category: Hindi playwright.
    REF: श्रेणीःहिन्दी नाटककार
    HYP: श्रेणीः हिन्दी नाटक ठीक ही ।

    EN : Shall not involve in taking any decision on a subject matter in which a conflict
    REF: जिसमें ब्याज की एक दुविधा खड़ी होती है या जो उसकी राय में पैदा होने की संभावना ह
    HYP: किसी विषय पर किसी विषय पर निर्णय लेने के लिए किसी विषय पर निर्णय न ले जिसमें अभि

    EN : Cannot save file "{0}".
    REF: "{0}" फ़ाइल को सहेज नहीं सकता है.
    HYP: "{ 0 }" फ़ाइल को सहेजने में असमर्थ .

2026-04-24 15:01:31  Epoch 6 BLEU=0.4070
2026-04-24 15:01:31  Early stopping at epoch 6
2026-04-24 15:01:31  Done — best BLEU=0.4130
